Aug 08 13:46:09 Updated: nspr-4.19.0-1.el7_5.x86_64
Aug 08 13:46:09 Updated: nss-util-3.36.0-1.el7_5.x86_64
Aug 08 13:46:09 Updated: libgcc-4.8.5-28.el7_5.1.x86_64
Aug 08 13:46:09 Updated: libcom_err-1.42.9-12.el7_5.x86_64
Aug 08 13:46:11 Updated: python-libs-2.7.5-69.el7_5.x86_64
Aug 08 13:46:11 Updated: python-2.7.5-69.el7_5.x86_64
Aug 08 13:46:11 Updated: libss-1.42.9-12.el7_5.x86_64
Aug 08 13:46:11 Updated: e2fsprogs-libs-1.42.9-12.el7_5.x86_64
Aug 08 13:46:11 Updated: nss-softokn-freebl-3.36.0-5.el7_5.x86_64
Aug 08 13:46:11 Updated: nss-softokn-3.36.0-5.el7_5.x86_64
Aug 08 13:46:11 Updated: nss-3.36.0-5.el7_5.x86_64
Aug 08 13:46:11 Updated: nss-sysinit-3.36.0-5.el7_5.x86_64
Aug 08 13:46:11 Updated: 1:NetworkManager-libnm-1.10.2-16.el7_5.x86_64
Aug 08 13:46:12 Updated: 1:NetworkManager-1.10.2-16.el7_5.x86_64
Aug 08 13:46:12 Updated: nss-tools-3.36.0-5.el7_5.x86_64
Aug 08 13:46:12 Updated: openldap-2.4.44-15.el7_5.x86_64
Aug 08 13:46:12 Updated: 12:dhcp-libs-4.2.5-68.el7.centos.1.x86_64
Aug 08 13:46:12 Updated: 12:dhcp-common-4.2.5-68.el7.centos.1.x86_64
Aug 08 13:46:12 Updated: centos-release-7-5.1804.1.el7.centos.x86_64
Aug 08 13:46:12 Updated: kernel-tools-libs-3.10.0-862.9.1.el7.x86_64
Aug 08 13:46:19 Updated: selinux-policy-3.13.1-192.el7_5.4.noarch
Aug 08 13:46:26 Updated: linux-firmware-20180220-62.2.git6d51311.el7_5.noarch
Aug 08 13:46:32 Installed: kernel-3.10.0-862.9.1.el7.x86_64
Aug 08 13:46:42 Updated: selinux-policy-targeted-3.13.1-192.el7_5.4.noarch
Aug 08 13:46:43 Updated: kernel-tools-3.10.0-862.9.1.el7.x86_64
Aug 08 13:46:43 Updated: 12:dhclient-4.2.5-68.el7.centos.1.x86_64
Aug 08 13:46:43 Updated: gnupg2-2.0.22-5.el7_5.x86_64
Aug 08 13:46:43 Updated: sudo-1.8.19p2-14.el7_5.x86_64
Aug 08 13:46:43 Updated: 1:NetworkManager-tui-1.10.2-16.el7_5.x86_64
Aug 08 13:46:43 Updated: 1:NetworkManager-team-1.10.2-16.el7_5.x86_64
Aug 08 13:46:44 Updated: e2fsprogs-1.42.9-12.el7_5.x86_64
Aug 08 13:46:44 Updated: python-perf-3.10.0-862.9.1.el7.x86_64
Aug 08 13:46:44 Updated: yum-utils-1.1.31-46.el7_5.noarch
Aug 08 13:46:44 Updated: rsyslog-8.24.0-16.el7_5.4.x86_64
Aug 08 13:46:44 Updated: libstdc++-4.8.5-28.el7_5.1.x86_64
Aug 08 13:46:45 Updated: ca-certificates-2018.2.22-70.0.el7_5.noarch
Aug 08 13:46:45 Updated: procps-ng-3.3.10-17.el7_5.2.x86_64
Aug 08 13:46:46 Updated: binutils-2.27-28.base.el7_5.1.x86_64
Aug 08 13:46:46 Updated: iptables-1.4.21-24.1.el7_5.x86_64
Aug 08 13:46:46 Updated: libgomp-4.8.5-28.el7_5.1.x86_64
Aug 08 13:46:46 Updated: yum-plugin-fastestmirror-1.1.31-46.el7_5.noarch
Aug 08 13:54:00 Installed: 1:perl-parent-0.225-244.el7.noarch
Aug 08 13:54:00 Installed: perl-HTTP-Tiny-0.033-3.el7.noarch
Aug 08 13:54:00 Installed: perl-podlators-2.5.1-3.el7.noarch
Aug 08 13:54:00 Installed: perl-Pod-Perldoc-3.20-4.el7.noarch
Aug 08 13:54:00 Installed: 1:perl-Pod-Escapes-1.04-292.el7.noarch
Aug 08 13:54:00 Installed: perl-Text-ParseWords-3.29-4.el7.noarch
Aug 08 13:54:00 Installed: perl-Encode-2.51-7.el7.x86_64
Aug 08 13:54:00 Installed: perl-Pod-Usage-1.63-3.el7.noarch
Aug 08 13:54:00 Installed: 4:perl-macros-5.16.3-292.el7.x86_64
Aug 08 13:54:00 Installed: 4:perl-libs-5.16.3-292.el7.x86_64
Aug 08 13:54:00 Installed: perl-Storable-2.45-3.el7.x86_64
Aug 08 13:54:00 Installed: perl-Exporter-5.68-3.el7.noarch
Aug 08 13:54:00 Installed: perl-constant-1.27-2.el7.noarch
Aug 08 13:54:00 Installed: perl-Time-Local-1.2300-2.el7.noarch
Aug 08 13:54:00 Installed: perl-Socket-2.010-4.el7.x86_64
Aug 08 13:54:01 Installed: perl-Carp-1.26-244.el7.noarch
Aug 08 13:54:01 Installed: 4:perl-Time-HiRes-1.9725-3.el7.x86_64
Aug 08 13:54:01 Installed: perl-PathTools-3.40-5.el7.x86_64
Aug 08 13:54:01 Installed: perl-Scalar-List-Utils-1.27-248.el7.x86_64
Aug 08 13:54:01 Installed: perl-File-Temp-0.23.01-3.el7.noarch
Aug 08 13:54:01 Installed: perl-File-Path-2.09-2.el7.noarch
Aug 08 13:54:01 Installed: perl-threads-shared-1.43-6.el7.x86_64
Aug 08 13:54:01 Installed: perl-threads-1.87-4.el7.x86_64
Aug 08 13:54:01 Installed: perl-Filter-1.49-3.el7.x86_64
Aug 08 13:54:01 Installed: 1:perl-Pod-Simple-3.28-4.el7.noarch
Aug 08 13:54:01 Installed: perl-Getopt-Long-2.40-3.el7.noarch
Aug 08 13:54:02 Installed: 4:perl-5.16.3-292.el7.x86_64
Aug 08 13:54:02 Installed: 1:perl-Error-0.17020-2.el7.noarch
Aug 08 13:54:03 Installed: perl-TermReadKey-2.30-20.el7.x86_64
Aug 08 13:54:03 Installed: libgnome-keyring-3.12.0-1.el7.x86_64
Aug 08 13:54:03 Installed: perl-Git-1.8.3.1-14.el7_5.noarch
Aug 08 13:54:04 Installed: git-1.8.3.1-14.el7_5.x86_64
Aug 08 14:05:40 Installed: wget-1.14-15.el7_4.1.x86_64
Aug 08 14:51:43 Installed: mpfr-3.1.1-4.el7.x86_64
Aug 08 14:51:43 Installed: libmpc-1.0.1-3.el7.x86_64
Aug 08 14:51:44 Installed: cpp-4.8.5-28.el7_5.1.x86_64
Aug 08 14:51:45 Installed: kernel-headers-3.10.0-862.9.1.el7.x86_64
Aug 08 14:51:45 Installed: glibc-headers-2.17-222.el7.x86_64
Aug 08 14:51:45 Installed: glibc-devel-2.17-222.el7.x86_64
Aug 08 14:51:46 Installed: gcc-4.8.5-28.el7_5.1.x86_64
Aug 08 14:55:25 Installed: apr-1.4.8-3.el7_4.1.x86_64
Aug 08 14:55:25 Installed: libquadmath-4.8.5-28.el7_5.1.x86_64
Aug 08 14:55:25 Installed: m4-1.4.16-10.el7.x86_64
Aug 08 14:55:25 Installed: apr-util-1.5.2-6.el7.x86_64
Aug 08 14:55:25 Installed: unzip-6.0-19.el7.x86_64
Aug 08 14:55:25 Installed: zip-3.0-11.el7.x86_64
Aug 08 14:55:25 Installed: avahi-libs-0.6.31-19.el7.x86_64
Aug 08 14:55:25 Installed: patch-2.7.1-10.el7_5.x86_64
Aug 08 14:55:26 Installed: boost-system-1.53.0-27.el7.x86_64
Aug 08 14:55:26 Installed: perl-Thread-Queue-3.02-2.el7.noarch
Aug 08 14:55:26 Installed: boost-thread-1.53.0-27.el7.x86_64
Aug 08 14:55:26 Installed: libquadmath-devel-4.8.5-28.el7_5.1.x86_64
Aug 08 14:55:26 Installed: libgfortran-4.8.5-28.el7_5.1.x86_64
Aug 08 14:55:26 Installed: perl-srpm-macros-1-8.el7.noarch
Aug 08 14:55:26 Installed: pakchois-0.4-10.el7.x86_64
Aug 08 14:55:26 Installed: dwz-0.11-3.el7.x86_64
Aug 08 14:55:26 Installed: redhat-rpm-config-9.1.0-80.el7.centos.noarch
Aug 08 14:55:26 Installed: boost-date-time-1.53.0-27.el7.x86_64
Aug 08 14:55:26 Installed: efivar-libs-31-4.el7.x86_64
Aug 08 14:55:26 Installed: mokutil-12-1.el7.centos.x86_64
Aug 08 14:55:26 Installed: 1:emacs-filesystem-24.3-20.el7_4.noarch
Aug 08 14:55:26 Installed: perl-Data-Dumper-2.145-3.el7.x86_64
Aug 08 14:55:26 Installed: autoconf-2.69-11.el7.noarch
Aug 08 14:55:26 Installed: libmodman-2.0.1-8.el7.x86_64
Aug 08 14:55:26 Installed: libproxy-0.4.11-11.el7.x86_64
Aug 08 14:55:26 Installed: gettext-common-devel-0.19.8.1-2.el7.noarch
Aug 08 14:55:26 Installed: gettext-devel-0.19.8.1-2.el7.x86_64
Aug 08 14:55:27 Installed: gdb-7.6.1-110.el7.x86_64
Aug 08 14:55:27 Installed: elfutils-0.170-4.el7.x86_64
Aug 08 14:55:27 Installed: perl-Test-Harness-3.28-3.el7.noarch
Aug 08 14:55:27 Installed: automake-1.13.4-3.el7.noarch
Aug 08 14:55:27 Installed: libstdc++-devel-4.8.5-28.el7_5.1.x86_64
Aug 08 14:55:27 Installed: nettle-2.7.1-8.el7.x86_64
Aug 08 14:55:28 Installed: libdwarf-20130207-4.el7.x86_64
Aug 08 14:55:28 Installed: dyninst-9.3.1-1.el7.x86_64
Aug 08 14:55:28 Installed: systemtap-runtime-3.2-8.el7_5.x86_64
Aug 08 14:55:44 Installed: kernel-debug-devel-3.10.0-862.9.1.el7.x86_64
Aug 08 14:55:45 Installed: systemtap-devel-3.2-8.el7_5.x86_64
Aug 08 14:55:46 Installed: systemtap-client-3.2-8.el7_5.x86_64
Aug 08 14:55:46 Installed: perl-XML-Parser-2.41-10.el7.x86_64
Aug 08 14:55:47 Installed: trousers-0.3.14-2.el7.x86_64
Aug 08 14:55:47 Installed: gnutls-3.3.26-9.el7.x86_64
Aug 08 14:55:47 Installed: neon-0.30.0-3.el7.x86_64
Aug 08 14:55:48 Installed: subversion-libs-1.7.14-14.el7.x86_64
Aug 08 14:55:48 Installed: subversion-1.7.14-14.el7.x86_64
Aug 08 14:55:48 Installed: intltool-0.50.2-7.el7.noarch
Aug 08 14:55:48 Installed: systemtap-3.2-8.el7_5.x86_64
Aug 08 14:55:49 Installed: gcc-c++-4.8.5-28.el7_5.1.x86_64
Aug 08 14:55:49 Installed: libtool-2.4.2-22.el7_3.x86_64
Aug 08 14:55:49 Installed: rpm-build-4.11.3-32.el7.x86_64
Aug 08 14:55:49 Installed: cscope-15.8-10.el7.x86_64
Aug 08 14:55:50 Installed: gcc-gfortran-4.8.5-28.el7_5.1.x86_64
Aug 08 14:55:50 Installed: bison-3.0.4-1.el7.x86_64
Aug 08 14:55:50 Installed: flex-2.5.37-3.el7.x86_64
Aug 08 14:55:50 Installed: diffstat-1.57-4.el7.x86_64
Aug 08 14:55:50 Installed: rpm-sign-4.11.3-32.el7.x86_64
Aug 08 14:55:50 Installed: patchutils-0.3.3-4.el7.x86_64
Aug 08 14:55:50 Installed: indent-2.2.11-13.el7.x86_64
Aug 08 14:55:51 Installed: swig-2.0.10-5.el7.x86_64
Aug 08 14:55:51 Installed: rcs-5.9.0-5.el7.x86_64
Aug 08 14:55:52 Installed: 1:doxygen-1.8.5-3.el7.x86_64
Aug 08 14:55:52 Installed: byacc-1.9.20130304-3.el7.x86_64
Aug 08 14:55:52 Installed: ctags-5.8-13.el7.x86_64
Aug 08 14:56:16 Installed: ncurses-devel-5.9-14.20130511.el7_4.x86_64
Aug 08 14:57:16 Installed: xorg-x11-proto-devel-7.7-20.el7.noarch
Aug 08 14:57:16 Installed: libICE-1.0.9-9.el7.x86_64
Aug 08 14:57:16 Installed: libSM-1.2.2-2.el7.x86_64
Aug 08 14:57:16 Installed: libjpeg-turbo-1.2.90-5.el7.x86_64
Aug 08 14:57:16 Installed: libmng-1.0.10-14.el7.x86_64
Aug 08 14:57:16 Installed: libICE-devel-1.0.9-9.el7.x86_64
Aug 08 14:57:16 Installed: zlib-devel-1.2.7-17.el7.x86_64
Aug 08 14:57:16 Installed: freetype-devel-2.4.11-15.el7.x86_64
Aug 08 14:57:17 Installed: 2:libpng-1.5.13-7.el7_2.x86_64
Aug 08 14:57:17 Installed: libSM-devel-1.2.2-2.el7.x86_64
Aug 08 14:57:17 Installed: libjpeg-turbo-devel-1.2.90-5.el7.x86_64
Aug 08 14:57:17 Installed: libXau-1.0.8-2.1.el7.x86_64
Aug 08 14:57:17 Installed: libxcb-1.12-1.el7.x86_64
Aug 08 14:57:17 Installed: gl-manpages-1.1-7.20130122.el7.noarch
Aug 08 14:57:17 Installed: fontpackages-filesystem-1.44-8.el7.noarch
Aug 08 14:57:17 Installed: mesa-libglapi-17.2.3-8.20171019.el7.x86_64
Aug 08 14:57:17 Installed: stix-fonts-1.1.0-5.el7.noarch
Aug 08 14:57:18 Installed: fontconfig-2.10.95-11.el7.x86_64
Aug 08 14:57:19 Installed: libXau-devel-1.0.8-2.1.el7.x86_64
Aug 08 14:57:20 Installed: libxcb-devel-1.12-1.el7.x86_64
Aug 08 14:57:20 Installed: libmng-devel-1.0.10-14.el7.x86_64
Aug 08 14:57:20 Installed: 2:libpng-devel-1.5.13-7.el7_2.x86_64
Aug 08 14:57:20 Installed: libxshmfence-1.2-1.el7.x86_64
Aug 08 14:57:20 Installed: libX11-common-1.6.5-1.el7.noarch
Aug 08 14:57:20 Installed: libX11-1.6.5-1.el7.x86_64
Aug 08 14:57:21 Installed: libX11-devel-1.6.5-1.el7.x86_64
Aug 08 14:57:21 Installed: libXext-1.3.3-3.el7.x86_64
Aug 08 14:57:21 Installed: libXrender-0.9.10-1.el7.x86_64
Aug 08 14:57:21 Installed: libXext-devel-1.3.3-3.el7.x86_64
Aug 08 14:57:21 Installed: libXrender-devel-0.9.10-1.el7.x86_64
Aug 08 14:57:21 Installed: libXfixes-5.0.3-1.el7.x86_64
Aug 08 14:57:21 Installed: libXcursor-1.1.14-8.el7.x86_64
Aug 08 14:57:21 Installed: libXfixes-devel-5.0.3-1.el7.x86_64
Aug 08 14:57:21 Installed: libXft-2.3.2-2.el7.x86_64
Aug 08 14:57:21 Installed: libXrandr-1.5.1-2.el7.x86_64
Aug 08 14:57:21 Installed: libXinerama-1.1.3-2.1.el7.x86_64
Aug 08 14:57:21 Installed: libXdamage-1.1.4-4.1.el7.x86_64
Aug 08 14:57:21 Installed: libXi-1.7.9-1.el7.x86_64
Aug 08 14:57:21 Installed: libXxf86vm-1.1.4-1.el7.x86_64
Aug 08 14:57:21 Installed: mesa-libGL-17.2.3-8.20171019.el7.x86_64
Aug 08 14:57:21 Installed: mesa-libGLU-9.0.0-4.el7.x86_64
Aug 08 14:57:21 Installed: libXxf86vm-devel-1.1.4-1.el7.x86_64
Aug 08 14:57:22 Installed: qt3-3.3.8b-51.el7.x86_64
Aug 08 14:57:22 Installed: libXdamage-devel-1.1.4-4.1.el7.x86_64
Aug 08 14:57:22 Installed: libXinerama-devel-1.1.3-2.1.el7.x86_64
Aug 08 14:57:22 Installed: libXrandr-devel-1.5.1-2.el7.x86_64
Aug 08 14:57:22 Installed: libXcursor-devel-1.1.14-8.el7.x86_64
Aug 08 14:57:22 Installed: libXt-1.1.5-3.el7.x86_64
Aug 08 14:57:22 Installed: libXt-devel-1.1.5-3.el7.x86_64
Aug 08 14:57:22 Installed: expat-devel-2.1.0-10.el7_3.x86_64
Aug 08 14:57:22 Installed: fontconfig-devel-2.10.95-11.el7.x86_64
Aug 08 14:57:22 Installed: libXft-devel-2.3.2-2.el7.x86_64
Aug 08 14:57:22 Installed: libdrm-devel-2.4.83-2.el7.x86_64
Aug 08 14:57:22 Installed: mesa-libGL-devel-17.2.3-8.20171019.el7.x86_64
Aug 08 14:57:22 Installed: mesa-libGLU-devel-9.0.0-4.el7.x86_64
Aug 08 14:57:25 Installed: qt3-devel-3.3.8b-51.el7.x86_64
Aug 08 14:57:36 Installed: binutils-devel-2.27-28.base.el7_5.1.x86_64
Aug 08 14:57:36 Installed: elfutils-libelf-devel-0.170-4.el7.x86_64
Aug 08 14:57:36 Installed: hmaccalc-0.9.13-4.el7.x86_64
Aug 09 15:13:18 Installed: bc-1.06.95-13.el7.x86_64
Aug 09 15:15:41 Installed: keyutils-libs-devel-1.5.8-3.el7.x86_64
Aug 09 15:15:41 Installed: libcom_err-devel-1.42.9-12.el7_5.x86_64
Aug 09 15:15:41 Installed: libkadm5-1.15.1-19.el7.x86_64
Aug 09 15:15:41 Installed: libsepol-devel-2.5-8.1.el7.x86_64
Aug 09 15:15:41 Installed: pcre-devel-8.32-17.el7.x86_64
Aug 09 15:15:42 Installed: libselinux-devel-2.5-12.el7.x86_64
Aug 09 15:15:42 Installed: libverto-devel-0.2.5-4.el7.x86_64
Aug 09 15:15:42 Installed: krb5-devel-1.15.1-19.el7.x86_64
Aug 09 15:15:42 Installed: 1:openssl-devel-1.0.2k-12.el7.x86_64
Aug 11 05:00:35 Installed: libtalloc-2.1.10-1.el7.x86_64
Aug 11 05:00:35 Installed: libtevent-0.9.33-2.el7.x86_64
Aug 11 05:00:35 Installed: samba-common-4.7.1-6.el7.noarch
Aug 11 05:00:35 Installed: libtdb-1.3.15-1.el7.x86_64
Aug 11 05:00:35 Installed: libldb-1.2.2-1.el7.x86_64
Aug 11 05:00:35 Installed: libarchive-3.1.2-10.el7_2.x86_64
Aug 11 05:00:35 Installed: 1:cups-libs-1.6.3-35.el7.x86_64
Aug 11 05:00:35 Installed: samba-common-libs-4.7.1-6.el7.x86_64
Aug 11 05:00:35 Installed: libwbclient-4.7.1-6.el7.x86_64
Aug 11 05:00:36 Installed: samba-client-libs-4.7.1-6.el7.x86_64
Aug 11 05:00:36 Installed: libsmbclient-4.7.1-6.el7.x86_64
Aug 11 05:00:36 Installed: samba-client-4.7.1-6.el7.x86_64
Aug 11 05:04:15 Installed: cifs-utils-6.2-10.el7.x86_64
